<?xml version="1.0" encoding="UTF-8"?>
<!-- Generated by org.testng.reporters.JUnitReportReporter -->
<testsuite skipped="0" hostname="Infva05408" name="practice.NewTest" tests="1" failures="0" timestamp="28 Jan 2019 10:53:36 GMT" time="25.212" errors="0">
  <testcase name="f" time="25.212" classname="practice.NewTest"/>
</testsuite> <!-- practice.NewTest -->
